<?xml version="1.0" encoding="utf-8"?>
<shfbBuild product="Sandcastle Help File Builder and Tools" version="2016.9.17.0" projectFile="C:\Users\hallam\Work\buildtools\Documentation\FrameworkLibraries\FrameworkLibraries.shfbproj" started="10/22/2016 3:11:42 PM">
<buildStep step="Initializing">
Finding tools...
The Sandcastle tools are located in &#39;C:\Program Files (x86)\EWSoftware\Sandcastle Help File Builder\&#39;
Searching for HTML Help 1 compiler...
Found HTML Help 1 compiler in &#39;C:\Program Files (x86)\HTML Help Workshop\&#39;
Locating components in the following folder(s):
    C:\Users\hallam\Work\buildtools\Documentation\FrameworkLibraries
    C:\ProgramData\EWSoftware\Sandcastle Help File Builder\Components and Plug-Ins\
    C:\Program Files (x86)\EWSoftware\Sandcastle Help File Builder\
Using framework reflection data for &#39;.NET Framework 4.6&#39; located in &#39;C:\Program Files (x86)\EWSoftware\Sandcastle Help File Builder\Data\.NETFramework&#39;
Using presentation style &#39;VS2013&#39; located in &#39;C:\Program Files (x86)\EWSoftware\Sandcastle Help File Builder\PresentationStyles\VS2013&#39;
Loading and initializing plug-ins...
Assembly Binding Redirection Version 2016.9.17.0
Copyright &#169; 2006-2016, Eric Woodruff, All Rights Reserved
Additional Reference Links Version 2016.9.17.0
Copyright &#169; 2006-2016, Eric Woodruff, All Rights Reserved
Lightweight Website Style Version 2016.9.17.0
Copyright &#169; 2006-2016, Eric Woodruff, All Rights Reserved
Portions Copyright &#169; 2014, Sam Harwell, All Rights Reserved
-------------------------------
Clearing any prior web/markdown output...
</buildStep>
<buildStep step="ValidatingDocumentationSources">
Validating and copying documentation source information
Source: C:\Users\hallam\Work\buildtools\Libraries\Goedel.Cryptography.Framework\Goedel.Cryptography.Framework.csproj
    Found project &#39;C:\Users\hallam\Work\buildtools\Libraries\Goedel.Cryptography.Framework\Goedel.Cryptography.Framework.csproj&#39;
Source: C:\Users\hallam\Work\buildtools\Libraries\Goedel.Cryptography.Framework\bin\Publish\Goedel.Cryptography.Framework.XML
Source: C:\Users\hallam\Work\buildtools\Libraries\Goedel.Cryptography.Framework\bin\Publish\Goedel.Cryptography.Framework.dll
    Found assembly &#39;C:\Users\hallam\Work\buildtools\Libraries\Goedel.Cryptography.Framework\bin\Publish\Goedel.Cryptography.Framework.dll&#39;
Source: C:\Users\hallam\Work\buildtools\Libraries\Goedel.Cryptography.KeyFile\Goedel.Cryptography.KeyFile.csproj
    Found project &#39;C:\Users\hallam\Work\buildtools\Libraries\Goedel.Cryptography.KeyFile\Goedel.Cryptography.KeyFile.csproj&#39;
Source: C:\Users\hallam\Work\buildtools\Libraries\Goedel.Cryptography.KeyFile\bin\Publish\Goedel.Cryptography.KeyFile.XML
Source: C:\Users\hallam\Work\buildtools\Libraries\Goedel.Cryptography.KeyFile\bin\Publish\Goedel.Cryptography.KeyFile.dll
    Found assembly &#39;C:\Users\hallam\Work\buildtools\Libraries\Goedel.Cryptography.KeyFile\bin\Publish\Goedel.Cryptography.KeyFile.dll&#39;
Source: C:\Users\hallam\Work\buildtools\Libraries\Goedel.IO\Goedel.IO.csproj
    Found project &#39;C:\Users\hallam\Work\buildtools\Libraries\Goedel.IO\Goedel.IO.csproj&#39;
Source: C:\Users\hallam\Work\buildtools\Libraries\Goedel.IO\bin\Publish\Goedel.IO.XML
Source: C:\Users\hallam\Work\buildtools\Libraries\Goedel.IO\bin\Publish\Goedel.IO.dll
    Found assembly &#39;C:\Users\hallam\Work\buildtools\Libraries\Goedel.IO\bin\Publish\Goedel.IO.dll&#39;
Source: C:\Users\hallam\Work\buildtools\Libraries\Goedel.Platform.Framework\Goedel.Platform.Framework.csproj
    Found project &#39;C:\Users\hallam\Work\buildtools\Libraries\Goedel.Platform.Framework\Goedel.Platform.Framework.csproj&#39;
Source: C:\Users\hallam\Work\buildtools\Libraries\Goedel.Platform.Framework\bin\Publish\Goedel.Platform.Framework.XML
Source: C:\Users\hallam\Work\buildtools\Libraries\Goedel.Platform.Framework\bin\Publish\Goedel.Platform.Framework.dll
    Found assembly &#39;C:\Users\hallam\Work\buildtools\Libraries\Goedel.Platform.Framework\bin\Publish\Goedel.Platform.Framework.dll&#39;
Source: C:\Users\hallam\Work\buildtools\Libraries\Goedel.Protocol.Debug\Goedel.Protocol.Debug.csproj
    Found project &#39;C:\Users\hallam\Work\buildtools\Libraries\Goedel.Protocol.Debug\Goedel.Protocol.Debug.csproj&#39;
Source: C:\Users\hallam\Work\buildtools\Libraries\Goedel.Protocol.Debug\bin\Publish\Goedel.Protocol.Debug.XML
Source: C:\Users\hallam\Work\buildtools\Libraries\Goedel.Protocol.Debug\bin\Publish\Goedel.Protocol.Debug.dll
    Found assembly &#39;C:\Users\hallam\Work\buildtools\Libraries\Goedel.Protocol.Debug\bin\Publish\Goedel.Protocol.Debug.dll&#39;
Source: C:\Users\hallam\Work\buildtools\Libraries\Goedel.Registry\Goedel.Registry.csproj
    Found project &#39;C:\Users\hallam\Work\buildtools\Libraries\Goedel.Registry\Goedel.Registry.csproj&#39;
Source: C:\Users\hallam\Work\buildtools\Libraries\Goedel.Registry\bin\Publish\Goedel.Registry.XML
Source: C:\Users\hallam\Work\buildtools\Libraries\Goedel.Registry\bin\Publish\Goedel.Registry.dll
    Found assembly &#39;C:\Users\hallam\Work\buildtools\Libraries\Goedel.Registry\bin\Publish\Goedel.Registry.dll&#39;

Parsing project files
    Ignoring duplicate assembly file &#39;C:\Users\hallam\Work\buildtools\Libraries\Goedel.Cryptography.Framework\bin\Publish\Goedel.Cryptography.Framework.dll&#39;
    Ignoring duplicate comments file &#39;C:\Users\hallam\Work\buildtools\Libraries\Goedel.Cryptography.Framework\bin\Publish\Goedel.Cryptography.Framework.XML&#39;
    Ignoring duplicate assembly file &#39;C:\Users\hallam\Work\buildtools\Libraries\Goedel.Cryptography.KeyFile\bin\Publish\Goedel.Cryptography.KeyFile.dll&#39;
    Ignoring duplicate comments file &#39;C:\Users\hallam\Work\buildtools\Libraries\Goedel.Cryptography.KeyFile\bin\Publish\Goedel.Cryptography.KeyFile.XML&#39;
    Ignoring duplicate assembly file &#39;C:\Users\hallam\Work\buildtools\Libraries\Goedel.IO\bin\Publish\Goedel.IO.dll&#39;
    Ignoring duplicate comments file &#39;C:\Users\hallam\Work\buildtools\Libraries\Goedel.IO\bin\Publish\Goedel.IO.XML&#39;
    Ignoring duplicate assembly file &#39;C:\Users\hallam\Work\buildtools\Libraries\Goedel.Platform.Framework\bin\Publish\Goedel.Platform.Framework.dll&#39;
    Ignoring duplicate comments file &#39;C:\Users\hallam\Work\buildtools\Libraries\Goedel.Platform.Framework\bin\Publish\Goedel.Platform.Framework.XML&#39;
    Ignoring duplicate assembly file &#39;C:\Users\hallam\Work\buildtools\Libraries\Goedel.Protocol.Debug\bin\Publish\Goedel.Protocol.Debug.dll&#39;
    Ignoring duplicate comments file &#39;C:\Users\hallam\Work\buildtools\Libraries\Goedel.Protocol.Debug\bin\Publish\Goedel.Protocol.Debug.XML&#39;
    Ignoring duplicate assembly file &#39;C:\Users\hallam\Work\buildtools\Libraries\Goedel.Registry\bin\Publish\Goedel.Registry.dll&#39;
    Ignoring duplicate comments file &#39;C:\Users\hallam\Work\buildtools\Libraries\Goedel.Registry\bin\Publish\Goedel.Registry.XML&#39;

References to include (excluding framework assemblies):
    None

Copying XML comments files
    C:\Users\hallam\Work\buildtools\Libraries\Goedel.Cryptography.Framework\bin\Publish\Goedel.Cryptography.Framework.XML -&gt; C:\Users\hallam\Work\buildtools\Documentation\FrameworkLibraries\Help\Working\Goedel.Cryptography.Framework.XML
    C:\Users\hallam\Work\buildtools\Libraries\Goedel.Cryptography.KeyFile\bin\Publish\Goedel.Cryptography.KeyFile.XML -&gt; C:\Users\hallam\Work\buildtools\Documentation\FrameworkLibraries\Help\Working\Goedel.Cryptography.KeyFile.XML
    C:\Users\hallam\Work\buildtools\Libraries\Goedel.IO\bin\Publish\Goedel.IO.XML -&gt; C:\Users\hallam\Work\buildtools\Documentation\FrameworkLibraries\Help\Working\Goedel.IO.XML
    C:\Users\hallam\Work\buildtools\Libraries\Goedel.Platform.Framework\bin\Publish\Goedel.Platform.Framework.XML -&gt; C:\Users\hallam\Work\buildtools\Documentation\FrameworkLibraries\Help\Working\Goedel.Platform.Framework.XML
    C:\Users\hallam\Work\buildtools\Libraries\Goedel.Protocol.Debug\bin\Publish\Goedel.Protocol.Debug.XML -&gt; C:\Users\hallam\Work\buildtools\Documentation\FrameworkLibraries\Help\Working\Goedel.Protocol.Debug.XML
    C:\Users\hallam\Work\buildtools\Libraries\Goedel.Registry\bin\Publish\Goedel.Registry.XML -&gt; C:\Users\hallam\Work\buildtools\Documentation\FrameworkLibraries\Help\Working\Goedel.Registry.XML
</buildStep>
<buildStep step="GenerateSharedContent">
Generating shared content files (en-US, English (United States))...
<plugIn name="Lightweight Website Style" behavior="After" priority="1000">
</plugIn>    Last step completed in 00:00:00.0110
</buildStep>
<buildStep step="GenerateApiFilter">
Generating API filter for MRefBuilder...
    Last step completed in 00:00:00.0075
</buildStep>
<buildStep step="GenerateReflectionInfo">
Generating reflection information...
<plugIn name="Assembly Binding Redirection" behavior="Before" priority="1000">
Adding ignored assembly names to assembly resolver configuration:
    BusinessObjects.Licensing.KeycodeDecoder
    Microsoft.VisualStudio.TestTools.UITest.Playback
    System.Diagnostics.Debug
    System.IO
    System.Runtime
    System.Threading.Tasks
</plugIn>[C:\Program Files (x86)\MSBuild\14.0\bin\MSBuild.exe - GenerateRefInfo.proj]
Build started 10/22/2016 3:11:42 PM.
The target &quot;_ConvertPdbFiles&quot; listed in a BeforeTargets attribute at &quot;C:\Program Files (x86)\MSBuild\14.0\Microsoft.Common.targets\ImportAfter\Xamarin.Common.targets (34,37)&quot; does not exist in the project, and will be ignored.
The target &quot;_CollectPdbFiles&quot; listed in an AfterTargets attribute at &quot;C:\Program Files (x86)\MSBuild\14.0\Microsoft.Common.targets\ImportAfter\Xamarin.Common.targets (34,70)&quot; does not exist in the project, and will be ignored.
The target &quot;_CollectMdbFiles&quot; listed in a BeforeTargets attribute at &quot;C:\Program Files (x86)\MSBuild\14.0\Microsoft.Common.targets\ImportAfter\Xamarin.Common.targets (41,38)&quot; does not exist in the project, and will be ignored.
The target &quot;_CopyMdbFiles&quot; listed in an AfterTargets attribute at &quot;C:\Program Files (x86)\MSBuild\14.0\Microsoft.Common.targets\ImportAfter\Xamarin.Common.targets (41,71)&quot; does not exist in the project, and will be ignored.
Project &quot;C:\Users\hallam\Work\buildtools\Documentation\FrameworkLibraries\Help\Working\GenerateRefInfo.proj&quot; on node 1 (default targets).
PrepareForBuild:
  Creating directory &quot;obj\Debug\&quot;.
GenerateRefInfo:
  MRefBuilder (v2016.9.17.0)
  Copyright c 2006-2016, Microsoft Corporation, All Rights Reserved.
  Portions Copyright c 2006-2016, Eric Woodruff, All Rights Reserved.
MRefBuilder : warning : The program database (PDB) file associated with &#39;C:\Users\hallam\Work\buildtools\Libraries\Goedel.Cryptography.Framework\bin\Publish\Goedel.Cryptography.Framework.dll&#39; does not exist or could not be loaded.  Source context information is unavailable. [C:\Users\hallam\Work\buildtools\Documentation\FrameworkLibraries\Help\Working\GenerateRefInfo.proj]
MRefBuilder : warning : The program database (PDB) file associated with &#39;C:\Users\hallam\Work\buildtools\Libraries\Goedel.Cryptography.KeyFile\bin\Publish\Goedel.Cryptography.KeyFile.dll&#39; does not exist or could not be loaded.  Source context information is unavailable. [C:\Users\hallam\Work\buildtools\Documentation\FrameworkLibraries\Help\Working\GenerateRefInfo.proj]
MRefBuilder : warning : The program database (PDB) file associated with &#39;C:\Users\hallam\Work\buildtools\Libraries\Goedel.IO\bin\Publish\Goedel.IO.dll&#39; does not exist or could not be loaded.  Source context information is unavailable. [C:\Users\hallam\Work\buildtools\Documentation\FrameworkLibraries\Help\Working\GenerateRefInfo.proj]
MRefBuilder : warning : The program database (PDB) file associated with &#39;C:\Users\hallam\Work\buildtools\Libraries\Goedel.Platform.Framework\bin\Publish\Goedel.Platform.Framework.dll&#39; does not exist or could not be loaded.  Source context information is unavailable. [C:\Users\hallam\Work\buildtools\Documentation\FrameworkLibraries\Help\Working\GenerateRefInfo.proj]
MRefBuilder : warning : The program database (PDB) file associated with &#39;C:\Users\hallam\Work\buildtools\Libraries\Goedel.Protocol.Debug\bin\Publish\Goedel.Protocol.Debug.dll&#39; does not exist or could not be loaded.  Source context information is unavailable. [C:\Users\hallam\Work\buildtools\Documentation\FrameworkLibraries\Help\Working\GenerateRefInfo.proj]
MRefBuilder : warning : The program database (PDB) file associated with &#39;C:\Users\hallam\Work\buildtools\Libraries\Goedel.Registry\bin\Publish\Goedel.Registry.dll&#39; does not exist or could not be loaded.  Source context information is unavailable. [C:\Users\hallam\Work\buildtools\Documentation\FrameworkLibraries\Help\Working\GenerateRefInfo.proj]
  Loaded 6 assemblies for reflection and 1 dependency assemblies.
MRefBuilder : warning : Ignoring unresolved assembly reference: System.Runtime (System.Runtime, Version=4.0.20.0, Culture=neutral, PublicKeyToken=b03f5f7f11d50a3a) required by Goedel.Cryptography [C:\Users\hallam\Work\buildtools\Documentation\FrameworkLibraries\Help\Working\GenerateRefInfo.proj]
MRefBuilder : warning : Ignoring unresolved assembly reference: System.Runtime (System.Runtime, Version=4.0.10.0, Culture=neutral, PublicKeyToken=b03f5f7f11d50a3a) required by Goedel.ASN [C:\Users\hallam\Work\buildtools\Documentation\FrameworkLibraries\Help\Working\GenerateRefInfo.proj]
MRefBuilder : warning : Ignoring unresolved assembly reference: System.Runtime (System.Runtime, Version=4.0.10.0, Culture=neutral, PublicKeyToken=b03f5f7f11d50a3a) required by Goedel.FSR [C:\Users\hallam\Work\buildtools\Documentation\FrameworkLibraries\Help\Working\GenerateRefInfo.proj]
MRefBuilder : warning : Ignoring unresolved assembly reference: System.Runtime (System.Runtime, Version=4.0.20.0, Culture=neutral, PublicKeyToken=b03f5f7f11d50a3a) required by Goedel.Cryptography [C:\Users\hallam\Work\buildtools\Documentation\FrameworkLibraries\Help\Working\GenerateRefInfo.proj]
MRefBuilder : warning : Ignoring unresolved assembly reference: System.Runtime (System.Runtime, Version=4.0.20.0, Culture=neutral, PublicKeyToken=b03f5f7f11d50a3a) required by Goedel.Platform [C:\Users\hallam\Work\buildtools\Documentation\FrameworkLibraries\Help\Working\GenerateRefInfo.proj]
MRefBuilder : warning : Ignoring unresolved assembly reference: System.Runtime (System.Runtime, Version=4.0.10.0, Culture=neutral, PublicKeyToken=b03f5f7f11d50a3a) required by Goedel.Protocol [C:\Users\hallam\Work\buildtools\Documentation\FrameworkLibraries\Help\Working\GenerateRefInfo.proj]
  Source code location not found for Goedel.Cryptography.Framework.Container
  Source code location not found for Goedel.Cryptography.Framework.Cryptography
  Source code location not found for Goedel.Cryptography.Framework.CryptoProviderAuthentication
MRefBuilder : warning : Ignoring unresolved assembly reference: System.IO (System.IO, Version=4.0.10.0, Culture=neutral, PublicKeyToken=b03f5f7f11d50a3a) required by Goedel.Cryptography [C:\Users\hallam\Work\buildtools\Documentation\FrameworkLibraries\Help\Working\GenerateRefInfo.proj]
  Source code location not found for Goedel.Cryptography.Framework.CryptoProviderDigest
  Source code location not found for Goedel.Cryptography.Framework.CryptoProviderEncryptAES
  Source code location not found for Goedel.Cryptography.Framework.CryptoProviderEncryption
  Source code location not found for Goedel.Cryptography.Framework.CryptoProviderExchangeRSA
  Source code location not found for Goedel.Cryptography.Framework.CryptoProviderExchangeRSAPKCS
  Source code location not found for Goedel.Cryptography.Framework.CryptoProviderHMACSHA2_256
  Source code location not found for Goedel.Cryptography.Framework.CryptoProviderHMACSHA2_512
  Source code location not found for Goedel.Cryptography.Framework.CryptoProviderSHA1
  Source code location not found for Goedel.Cryptography.Framework.CryptoProviderSHA2_256
  Source code location not found for Goedel.Cryptography.Framework.CryptoProviderSHA2_512
  Source code location not found for Goedel.Cryptography.Framework.CryptoProviderSignatureRSA
  Source code location not found for Goedel.Cryptography.Framework.Factory
  Source code location not found for Goedel.Cryptography.KeyFile.AuthKeysFileLex
  Source code location not found for Goedel.Cryptography.KeyFile.AuthKeysFileLex+State
  Source code location not found for Goedel.Cryptography.KeyFile.AuthKeysFileLex+Token
  Source code location not found for Goedel.Cryptography.KeyFile.AuthorizedKey
  Source code location not found for Goedel.Cryptography.KeyFile.DataBuffer
  Source code location not found for Goedel.Cryptography.KeyFile.Extension
  Source code location not found for Goedel.Cryptography.KeyFile.KeyFile
  Source code location not found for Goedel.Cryptography.KeyFile.KeyFileException
  Source code location not found for Goedel.Cryptography.KeyFile.KeyFileFormat
  Source code location not found for Goedel.Cryptography.KeyFile.KeyFileLex
  Source code location not found for Goedel.Cryptography.KeyFile.KeyFileLex+State
  Source code location not found for Goedel.Cryptography.KeyFile.KeyFileLex+Token
  Source code location not found for Goedel.Cryptography.KeyFile.NoProviderSpecified
  Source code location not found for Goedel.Cryptography.KeyFile.ParseError
  Source code location not found for Goedel.Cryptography.KeyFile.PrivateKeyNotAvailable
  Source code location not found for Goedel.Cryptography.KeyFile.SSH_DSS
  Source code location not found for Goedel.Cryptography.KeyFile.SSH_RSA
  Source code location not found for Goedel.Cryptography.KeyFile.SSHData
  Source code location not found for Goedel.Cryptography.KeyFile.TaggedData
  Source code location not found for Goedel.Cryptography.KeyFile.UnexpectedEnd
  Source code location not found for Goedel.Platform.Framework.DNSClientUDP
MRefBuilder : warning : Ignoring unresolved assembly reference: System.Threading.Tasks (System.Threading.Tasks, Version=4.0.10.0, Culture=neutral, PublicKeyToken=b03f5f7f11d50a3a) required by Goedel.Platform [C:\Users\hallam\Work\buildtools\Documentation\FrameworkLibraries\Help\Working\GenerateRefInfo.proj]
MRefBuilder : warning : Ignoring unresolved assembly reference: System.Diagnostics.Debug (System.Diagnostics.Debug, Version=4.0.10.0, Culture=neutral, PublicKeyToken=b03f5f7f11d50a3a) required by Goedel.Platform [C:\Users\hallam\Work\buildtools\Documentation\FrameworkLibraries\Help\Working\GenerateRefInfo.proj]
  Source code location not found for Goedel.Protocol.Debug.TraceDictionary
  Source code location not found for Goedel.Protocol.Debug.TraceMessage
  Source code location not found for Goedel.Protocol.Debug.TracePoint
  Source code location not found for Goedel.Registry._File
  Source code location not found for Goedel.Registry._Flag
  Source code location not found for Goedel.Registry.Boilerplate
  Source code location not found for Goedel.Registry.Dispatch
  Source code location not found for Goedel.Registry.GoedelParseException
  Source code location not found for Goedel.Registry.ID`1
  Source code location not found for Goedel.Registry.IndentWriter
  Source code location not found for Goedel.Registry.OutputFormat
  Source code location not found for Goedel.Registry.Parser
  Source code location not found for Goedel.Registry.Position
  Source code location not found for Goedel.Registry.REF`1
  Source code location not found for Goedel.Registry.RegistryEntry
  Source code location not found for Goedel.Registry.ScriptOutput
  Source code location not found for Goedel.Registry.Separator
  Source code location not found for Goedel.Registry.Source
  Source code location not found for Goedel.Registry.TOKEN`1
  Source code location not found for Goedel.Registry.TokenType
  Source code location not found for Goedel.Registry.Type
  Source code location not found for Goedel.Registry.TYPE`1
  Source code location not found for Goedel.Registry.XMLWriter
  Wrote information on 6 namespaces, 72 types, and 550 members
  Copying file from &quot;reflection.org&quot; to &quot;reflection.all&quot;.
  XslTransform (v2016.9.17.0)
  Copyright c 2006-2016, Microsoft Corporation, All Rights Reserved.
  Portions Copyright c 2006-2016, Eric Woodruff, All Rights Reserved.
  Applying XSL transformation &#39;C:\Program Files (x86)\EWSoftware\Sandcastle Help File Builder\ProductionTransforms\MergeDuplicates.xsl&#39;.
Done Building Project &quot;C:\Users\hallam\Work\buildtools\Documentation\FrameworkLibraries\Help\Working\GenerateRefInfo.proj&quot; (default targets).

Build succeeded.

Time Elapsed 00:00:17.66
    Last step completed in 00:00:17.7428
</buildStep>
<buildStep step="TransformReflectionInfo">
Transforming reflection output...
[C:\Program Files (x86)\MSBuild\14.0\bin\MSBuild.exe - TransformManifest.proj]
Build started 10/22/2016 3:12:00 PM.
Project &quot;C:\Users\hallam\Work\buildtools\Documentation\FrameworkLibraries\Help\Working\TransformManifest.proj&quot; on node 1 (default targets).
TransformManifest:
  XslTransform (v2016.9.17.0)
  Copyright c 2006-2016, Microsoft Corporation, All Rights Reserved.
  Portions Copyright c 2006-2016, Eric Woodruff, All Rights Reserved.
  Applying XSL transformation &#39;C:\Program Files (x86)\EWSoftware\Sandcastle Help File Builder\\ProductionTransforms\ApplyVSDocModel.xsl&#39;.
  Copying file from &quot;reflection.xml&quot; to &quot;reflection.nofilenames&quot;.
  XslTransform (v2016.9.17.0)
  Copyright c 2006-2016, Microsoft Corporation, All Rights Reserved.
  Portions Copyright c 2006-2016, Eric Woodruff, All Rights Reserved.
  Applying XSL transformation &#39;C:\Program Files (x86)\EWSoftware\Sandcastle Help File Builder\ProductionTransforms\AddFilenames.xsl&#39;.
  XslTransform (v2016.9.17.0)
  Copyright c 2006-2016, Microsoft Corporation, All Rights Reserved.
  Portions Copyright c 2006-2016, Eric Woodruff, All Rights Reserved.
  Applying XSL transformation &#39;C:\Program Files (x86)\EWSoftware\Sandcastle Help File Builder\ProductionTransforms\ReflectionToManifest.xsl&#39;.
Done Building Project &quot;C:\Users\hallam\Work\buildtools\Documentation\FrameworkLibraries\Help\Working\TransformManifest.proj&quot; (default targets).

Build succeeded.

Time Elapsed 00:00:00.60
    Last step completed in 00:00:00.6595
</buildStep>
<buildStep step="GenerateNamespaceSummaries">
Generating namespace summary information...
<plugIn name="Additional Reference Links" behavior="Before" priority="1000">
Performing partial builds on additional targets&#39; projects

Building C:\Users\hallam\Work\buildtools\Documentation\PortableLibraries\PortableLibraries.shfbproj
Initializing
ValidatingDocumentationSources
GenerateSharedContent
GenerateApiFilter
GenerateReflectionInfo
TransformReflectionInfo
Completed
</plugIn>    Last step completed in 00:00:02.6926
</buildStep>
<buildStep step="CopyConceptualContent">
Copying conceptual content...
Copying standard token shared content file...
Checking for other token files...
Checking for code snippets files...
Copying images and creating the media map file...
Generating conceptual topic files
    Parsing topic file &#39;C:\Users\hallam\Work\buildtools\Documentation\FrameworkLibraries\Content\Welcome.aml&#39;
    C:\Users\hallam\Work\buildtools\Documentation\FrameworkLibraries\Content\Welcome.aml -&gt; C:\Users\hallam\Work\buildtools\Documentation\FrameworkLibraries\Help\Working\ddueXml\573692b2-c9fb-40d7-934a-081eb96ad03c.xml
    Parsing topic file &#39;C:\Users\hallam\Work\buildtools\Documentation\FrameworkLibraries\Content\VersionHistory\VersionHistory.aml&#39;
    C:\Users\hallam\Work\buildtools\Documentation\FrameworkLibraries\Content\VersionHistory\VersionHistory.aml -&gt; C:\Users\hallam\Work\buildtools\Documentation\FrameworkLibraries\Help\Working\ddueXml\60b7b2a4-207f-4df1-8a50-1193c952af17.xml
    Parsing topic file &#39;C:\Users\hallam\Work\buildtools\Documentation\FrameworkLibraries\Content\VersionHistory\v1.0.0.0.aml&#39;
    C:\Users\hallam\Work\buildtools\Documentation\FrameworkLibraries\Content\VersionHistory\v1.0.0.0.aml -&gt; C:\Users\hallam\Work\buildtools\Documentation\FrameworkLibraries\Help\Working\ddueXml\8ab61d01-4e9d-49ef-84ba-aed245fb1dbf.xml
    Last step completed in 00:00:00.0321
</buildStep>
<buildStep step="CreateConceptualTopicConfigs">
Creating conceptual topic configuration files...
    Companion files
    _ContentMetadata_.xml
    Merging topic IDs into manifest.xml
    Last step completed in 00:00:00.0210
</buildStep>
<buildStep step="CopyAdditionalContent">
Copying additional content files...
C:\Users\hallam\Work\buildtools\Documentation\FrameworkLibraries\icons\Help.png -&gt; C:\Users\hallam\Work\buildtools\Documentation\FrameworkLibraries\Help\Working\Output\HtmlHelp1\icons\Help.png
C:\Users\hallam\Work\buildtools\Documentation\FrameworkLibraries\icons\Help.png -&gt; C:\Users\hallam\Work\buildtools\Documentation\FrameworkLibraries\Help\Working\Output\MSHelpViewer\icons\Help.png
C:\Users\hallam\Work\buildtools\Documentation\FrameworkLibraries\icons\Help.png -&gt; C:\Users\hallam\Work\buildtools\Documentation\FrameworkLibraries\Help\Working\Output\Website\icons\Help.png
    Last step completed in 00:00:00.0115
</buildStep>
<buildStep step="MergeTablesOfContents">
Merging conceptual and additional tables of contents...
    Last step completed in 00:00:00.0005
</buildStep>
<buildStep step="GenerateIntermediateTableOfContents">
Generating intermediate table of contents file...
[C:\Program Files (x86)\MSBuild\14.0\bin\MSBuild.exe - GenerateIntermediateTOC.proj]
Build started 10/22/2016 3:12:04 PM.
Project &quot;C:\Users\hallam\Work\buildtools\Documentation\FrameworkLibraries\Help\Working\GenerateIntermediateTOC.proj&quot; on node 1 (default targets).
GenerateIntermediateTOC:
  XslTransform (v2016.9.17.0)
  Copyright c 2006-2016, Microsoft Corporation, All Rights Reserved.
  Portions Copyright c 2006-2016, Eric Woodruff, All Rights Reserved.
  Applying XSL transformation &#39;C:\Program Files (x86)\EWSoftware\Sandcastle Help File Builder\\ProductionTransforms\CreateVSToc.xsl&#39;.
Done Building Project &quot;C:\Users\hallam\Work\buildtools\Documentation\FrameworkLibraries\Help\Working\GenerateIntermediateTOC.proj&quot; (default targets).

Build succeeded.

Time Elapsed 00:00:00.09
Generating conceptual content intermediate TOC file...
    Last step completed in 00:00:00.1617
</buildStep>
<buildStep step="CreateBuildAssemblerConfigs">
Creating Sandcastle configuration files...
<plugIn name="Additional Reference Links" behavior="Before" priority="1000">
Adding additional reference link namespaces...
</plugIn>    sandcastle.config
    Last step completed in 00:00:00.2349
</buildStep>
<buildStep step="MergeCustomConfigs">
Merging custom build component configurations
C:\Users\hallam\Work\buildtools\Documentation\FrameworkLibraries\Help\Working\sandcastle.config
  Updating reference topic configurations.
  Updating conceptual topic configurations.
    Removing unused ExampleComponent.
<plugIn name="Additional Reference Links" behavior="After" priority="1000">

Adding references to C:\Users\hallam\Work\buildtools\Documentation\FrameworkLibraries\Help\Working\sandcastle.config...
</plugIn>    Last step completed in 00:00:00.0125
</buildStep>
<buildStep step="BuildTopics">
Building help topics...
[C:\Program Files (x86)\MSBuild\14.0\bin\MSBuild.exe - BuildTopics.proj]
Build started 10/22/2016 3:12:04 PM.
Project &quot;C:\Users\hallam\Work\buildtools\Documentation\FrameworkLibraries\Help\Working\BuildTopics.proj&quot; on node 1 (default targets).
BuildTopics:
  BuildAssembler (v2016.9.17.0)
  Copyright c 2006-2016, Microsoft Corporation, All Rights Reserved.
  Portions Copyright c 2006-2016, Eric Woodruff, All Rights Reserved.
  Loading configuration...
  Processing topics...
BuildAssembler : warning : ResolveReferenceLinksComponent: [T:Goedel.Platform.Framework.DNSClientUDP] Unknown reference link target &#39;M:Goedel.Platform.DNSClient.QueryAsync(System.Void)&#39;. [C:\Users\hallam\Work\buildtools\Documentation\FrameworkLibraries\Help\Working\BuildTopics.proj]
BuildAssembler : warning : ResolveReferenceLinksComponent: [T:Goedel.Platform.Framework.DNSClientUDP] Unknown reference link target &#39;M:Goedel.Platform.DNSClient.QueryAsync(System.Void)&#39;. [C:\Users\hallam\Work\buildtools\Documentation\FrameworkLibraries\Help\Working\BuildTopics.proj]
BuildAssembler : warning : ResolveReferenceLinksComponent: [T:Goedel.Platform.Framework.DNSClientUDP] Unknown reference link target &#39;M:Goedel.Platform.DNSClient.QueryAsync(System.Void)&#39;. [C:\Users\hallam\Work\buildtools\Documentation\FrameworkLibraries\Help\Working\BuildTopics.proj]
BuildAssembler : warning : ResolveReferenceLinksComponent: [Methods.T:Goedel.Platform.Framework.DNSClientUDP] Unknown reference link target &#39;M:Goedel.Platform.DNSClient.QueryAsync(System.Void)&#39;. [C:\Users\hallam\Work\buildtools\Documentation\FrameworkLibraries\Help\Working\BuildTopics.proj]
BuildAssembler : warning : ResolveReferenceLinksComponent: [Methods.T:Goedel.Platform.Framework.DNSClientUDP] Unknown reference link target &#39;M:Goedel.Platform.DNSClient.QueryAsync(System.Void)&#39;. [C:\Users\hallam\Work\buildtools\Documentation\FrameworkLibraries\Help\Working\BuildTopics.proj]
BuildAssembler : warning : ResolveReferenceLinksComponent: [Methods.T:Goedel.Platform.Framework.DNSClientUDP] Unknown reference link target &#39;M:Goedel.Platform.DNSClient.QueryAsync(System.Void)&#39;. [C:\Users\hallam\Work\buildtools\Documentation\FrameworkLibraries\Help\Working\BuildTopics.proj]
BuildAssembler : warning : ResolveReferenceLinksComponent: [Overload:Goedel.Platform.Framework.DNSClientUDP.QueryAsync] Unknown reference link target &#39;M:Goedel.Platform.DNSClient.QueryAsync(System.Void)&#39;. [C:\Users\hallam\Work\buildtools\Documentation\FrameworkLibraries\Help\Working\BuildTopics.proj]
BuildAssembler : warning : ResolveReferenceLinksComponent: [Overload:Goedel.Platform.Framework.DNSClientUDP.QueryAsync] Unknown reference link target &#39;M:Goedel.Platform.DNSClient.QueryAsync(System.Void)&#39;. [C:\Users\hallam\Work\buildtools\Documentation\FrameworkLibraries\Help\Working\BuildTopics.proj]
BuildAssembler : warning : ResolveReferenceLinksComponent: [Overload:Goedel.Platform.Framework.DNSClientUDP.QueryAsync] Unknown reference link target &#39;M:Goedel.Platform.DNSClient.QueryAsync(System.Void)&#39;. [C:\Users\hallam\Work\buildtools\Documentation\FrameworkLibraries\Help\Working\BuildTopics.proj]
  Processed 784 topic(s)
  9 warning(s)
  CopyFromIndexComponent: &quot;metadata&quot; in-memory cache entries used: 1 of 15.
  ResolveArtLinksComponent: Copying media files...
  ResolveArtLinksComponent: Copying media files...
  ResolveArtLinksComponent: Copying media files...
  CopyFromIndexComponent: &quot;reflection&quot; in-memory cache entries used: 10 of 15.
  CopyFromIndexComponent: &quot;comments&quot; in-memory cache entries used: 11 of 30.
  SaveComponent: Waiting for the document writer task to finish (93 Help1 API file(s) remaining)...
  SaveComponent: Waiting for the document writer task to finish (7 MSHelpViewer API file(s) remaining)...
Done Building Project &quot;C:\Users\hallam\Work\buildtools\Documentation\FrameworkLibraries\Help\Working\BuildTopics.proj&quot; (default targets).

Build succeeded.

Time Elapsed 00:00:17.43
    Last step completed in 00:00:17.5142
</buildStep>
<buildStep step="CombiningIntermediateTocFiles">
Combining conceptual and API intermediate TOC files...
    Last step completed in 00:00:00.0065
</buildStep>
<buildStep step="ExtractingHtmlInfo">
Extracting HTML info for HTML Help 1 and/or website...
[C:\Program Files (x86)\MSBuild\14.0\bin\MSBuild.exe - ExtractHtmlInfo.proj]
Sandcastle Help File Builder and Tools, version 2016.9.17.0
Copyright c 2006-2016, Eric Woodruff, All Rights Reserved
E-Mail: Eric@EWoodruff.us

Using LCID &#39;1033&#39;, code page &#39;65001&#39;, encoding charset &#39;UTF-8&#39;.

Processing Help 1 files in C:\Users\hallam\Work\buildtools\Documentation\FrameworkLibraries\Help\Working\Output\HtmlHelp1
Processed 784 HTML files
Sorting keywords and generating See Also indices
Saving HTML Help 1 keyword index to C:\Users\hallam\Work\buildtools\Documentation\FrameworkLibraries\Help\Working\FrameworkLibraries.hhk
Saving HTML Help 1 table of contents to C:\Users\hallam\Work\buildtools\Documentation\FrameworkLibraries\Help\Working\FrameworkLibraries.hhc

Processing website files in C:\Users\hallam\Work\buildtools\Documentation\FrameworkLibraries\Help\Working\Output\Website
Processed 784 HTML files
Sorting keywords and generating See Also indices
Saving website keyword index to C:\Users\hallam\Work\buildtools\Documentation\FrameworkLibraries\Help\Working\WebKI.xml
Saving website table of contents to C:\Users\hallam\Work\buildtools\Documentation\FrameworkLibraries\Help\Working\WebTOC.xml
    Last step completed in 00:00:02.5910
</buildStep>
<buildStep step="CopyStandardHelpContent">
Copying standard help content...
C:\Program Files (x86)\EWSoftware\Sandcastle Help File Builder\PresentationStyles\VS2013\icons\AlertCaution.png -&gt; C:\Users\hallam\Work\buildtools\Documentation\FrameworkLibraries\Help\Working\Output\HtmlHelp1\icons\AlertCaution.png
C:\Program Files (x86)\EWSoftware\Sandcastle Help File Builder\PresentationStyles\VS2013\icons\AlertNote.png -&gt; C:\Users\hallam\Work\buildtools\Documentation\FrameworkLibraries\Help\Working\Output\HtmlHelp1\icons\AlertNote.png
C:\Program Files (x86)\EWSoftware\Sandcastle Help File Builder\PresentationStyles\VS2013\icons\AlertSecurity.png -&gt; C:\Users\hallam\Work\buildtools\Documentation\FrameworkLibraries\Help\Working\Output\HtmlHelp1\icons\AlertSecurity.png
C:\Program Files (x86)\EWSoftware\Sandcastle Help File Builder\PresentationStyles\VS2013\icons\CFW.gif -&gt; C:\Users\hallam\Work\buildtools\Documentation\FrameworkLibraries\Help\Working\Output\HtmlHelp1\icons\CFW.gif
C:\Program Files (x86)\EWSoftware\Sandcastle Help File Builder\PresentationStyles\VS2013\icons\CodeExample.png -&gt; C:\Users\hallam\Work\buildtools\Documentation\FrameworkLibraries\Help\Working\Output\HtmlHelp1\icons\CodeExample.png
C:\Program Files (x86)\EWSoftware\Sandcastle Help File Builder\PresentationStyles\VS2013\icons\favicon.ico -&gt; C:\Users\hallam\Work\buildtools\Documentation\FrameworkLibraries\Help\Working\Output\HtmlHelp1\icons\favicon.ico
C:\Program Files (x86)\EWSoftware\Sandcastle Help File Builder\PresentationStyles\VS2013\icons\privclass.gif -&gt; C:\Users\hallam\Work\buildtools\Documentation\FrameworkLibraries\Help\Working\Output\HtmlHelp1\icons\privclass.gif
C:\Program Files (x86)\EWSoftware\Sandcastle Help File Builder\PresentationStyles\VS2013\icons\privdelegate.gif -&gt; C:\Users\hallam\Work\buildtools\Documentation\FrameworkLibraries\Help\Working\Output\HtmlHelp1\icons\privdelegate.gif
C:\Program Files (x86)\EWSoftware\Sandcastle Help File Builder\PresentationStyles\VS2013\icons\privenumeration.gif -&gt; C:\Users\hallam\Work\buildtools\Documentation\FrameworkLibraries\Help\Working\Output\HtmlHelp1\icons\privenumeration.gif
C:\Program Files (x86)\EWSoftware\Sandcastle Help File Builder\PresentationStyles\VS2013\icons\privevent.gif -&gt; C:\Users\hallam\Work\buildtools\Documentation\FrameworkLibraries\Help\Working\Output\HtmlHelp1\icons\privevent.gif
C:\Program Files (x86)\EWSoftware\Sandcastle Help File Builder\PresentationStyles\VS2013\icons\privextension.gif -&gt; C:\Users\hallam\Work\buildtools\Documentation\FrameworkLibraries\Help\Working\Output\HtmlHelp1\icons\privextension.gif
C:\Program Files (x86)\EWSoftware\Sandcastle Help File Builder\PresentationStyles\VS2013\icons\privfield.gif -&gt; C:\Users\hallam\Work\buildtools\Documentation\FrameworkLibraries\Help\Working\Output\HtmlHelp1\icons\privfield.gif
C:\Program Files (x86)\EWSoftware\Sandcastle Help File Builder\PresentationStyles\VS2013\icons\privinterface.gif -&gt; C:\Users\hallam\Work\buildtools\Documentation\FrameworkLibraries\Help\Working\Output\HtmlHelp1\icons\privinterface.gif
C:\Program Files (x86)\EWSoftware\Sandcastle Help File Builder\PresentationStyles\VS2013\icons\privmethod.gif -&gt; C:\Users\hallam\Work\buildtools\Documentation\FrameworkLibraries\Help\Working\Output\HtmlHelp1\icons\privmethod.gif
C:\Program Files (x86)\EWSoftware\Sandcastle Help File Builder\PresentationStyles\VS2013\icons\privproperty.gif -&gt; C:\Users\hallam\Work\buildtools\Documentation\FrameworkLibraries\Help\Working\Output\HtmlHelp1\icons\privproperty.gif
C:\Program Files (x86)\EWSoftware\Sandcastle Help File Builder\PresentationStyles\VS2013\icons\privstructure.gif -&gt; C:\Users\hallam\Work\buildtools\Documentation\FrameworkLibraries\Help\Working\Output\HtmlHelp1\icons\privstructure.gif
C:\Program Files (x86)\EWSoftware\Sandcastle Help File Builder\PresentationStyles\VS2013\icons\protclass.gif -&gt; C:\Users\hallam\Work\buildtools\Documentation\FrameworkLibraries\Help\Working\Output\HtmlHelp1\icons\protclass.gif
C:\Program Files (x86)\EWSoftware\Sandcastle Help File Builder\PresentationStyles\VS2013\icons\protdelegate.gif -&gt; C:\Users\hallam\Work\buildtools\Documentation\FrameworkLibraries\Help\Working\Output\HtmlHelp1\icons\protdelegate.gif
C:\Program Files (x86)\EWSoftware\Sandcastle Help File Builder\PresentationStyles\VS2013\icons\protenumeration.gif -&gt; C:\Users\hallam\Work\buildtools\Documentation\FrameworkLibraries\Help\Working\Output\HtmlHelp1\icons\protenumeration.gif
C:\Program Files (x86)\EWSoftware\Sandcastle Help File Builder\PresentationStyles\VS2013\icons\protevent.gif -&gt; C:\Users\hallam\Work\buildtools\Documentation\FrameworkLibraries\Help\Working\Output\HtmlHelp1\icons\protevent.gif
C:\Program Files (x86)\EWSoftware\Sandcastle Help File Builder\PresentationStyles\VS2013\icons\protextension.gif -&gt; C:\Users\hallam\Work\buildtools\Documentation\FrameworkLibraries\Help\Working\Output\HtmlHelp1\icons\protextension.gif
C:\Program Files (x86)\EWSoftware\Sandcastle Help File Builder\PresentationStyles\VS2013\icons\protfield.gif -&gt; C:\Users\hallam\Work\buildtools\Documentation\FrameworkLibraries\Help\Working\Output\HtmlHelp1\icons\protfield.gif
C:\Program Files (x86)\EWSoftware\Sandcastle Help File Builder\PresentationStyles\VS2013\icons\protinterface.gif -&gt; C:\Users\hallam\Work\buildtools\Documentation\FrameworkLibraries\Help\Working\Output\HtmlHelp1\icons\protinterface.gif
C:\Program Files (x86)\EWSoftware\Sandcastle Help File Builder\PresentationStyles\VS2013\icons\protmethod.gif -&gt; C:\Users\hallam\Work\buildtools\Documentation\FrameworkLibraries\Help\Working\Output\HtmlHelp1\icons\protmethod.gif
C:\Program Files (x86)\EWSoftware\Sandcastle Help File Builder\PresentationStyles\VS2013\icons\protoperator.gif -&gt; C:\Users\hallam\Work\buildtools\Documentation\FrameworkLibraries\Help\Working\Output\HtmlHelp1\icons\protoperator.gif
C:\Program Files (x86)\EWSoftware\Sandcastle Help File Builder\PresentationStyles\VS2013\icons\protproperty.gif -&gt; C:\Users\hallam\Work\buildtools\Documentation\FrameworkLibraries\Help\Working\Output\HtmlHelp1\icons\protproperty.gif
C:\Program Files (x86)\EWSoftware\Sandcastle Help File Builder\PresentationStyles\VS2013\icons\protstructure.gif -&gt; C:\Users\hallam\Work\buildtools\Documentation\FrameworkLibraries\Help\Working\Output\HtmlHelp1\icons\protstructure.gif
C:\Program Files (x86)\EWSoftware\Sandcastle Help File Builder\PresentationStyles\VS2013\icons\pubclass.gif -&gt; C:\Users\hallam\Work\buildtools\Documentation\FrameworkLibraries\Help\Working\Output\HtmlHelp1\icons\pubclass.gif
C:\Program Files (x86)\EWSoftware\Sandcastle Help File Builder\PresentationStyles\VS2013\icons\pubdelegate.gif -&gt; C:\Users\hallam\Work\buildtools\Documentation\FrameworkLibraries\Help\Working\Output\HtmlHelp1\icons\pubdelegate.gif
C:\Program Files (x86)\EWSoftware\Sandcastle Help File Builder\PresentationStyles\VS2013\icons\pubenumeration.gif -&gt; C:\Users\hallam\Work\buildtools\Documentation\FrameworkLibraries\Help\Working\Output\HtmlHelp1\icons\pubenumeration.gif
C:\Program Files (x86)\EWSoftware\Sandcastle Help File Builder\PresentationStyles\VS2013\icons\pubevent.gif -&gt; C:\Users\hallam\Work\buildtools\Documentation\FrameworkLibraries\Help\Working\Output\HtmlHelp1\icons\pubevent.gif
C:\Program Files (x86)\EWSoftware\Sandcastle Help File Builder\PresentationStyles\VS2013\icons\pubextension.gif -&gt; C:\Users\hallam\Work\buildtools\Documentation\FrameworkLibraries\Help\Working\Output\HtmlHelp1\icons\pubextension.gif
C:\Program Files (x86)\EWSoftware\Sandcastle Help File Builder\PresentationStyles\VS2013\icons\pubfield.gif -&gt; C:\Users\hallam\Work\buildtools\Documentation\FrameworkLibraries\Help\Working\Output\HtmlHelp1\icons\pubfield.gif
C:\Program Files (x86)\EWSoftware\Sandcastle Help File Builder\PresentationStyles\VS2013\icons\pubinterface.gif -&gt; C:\Users\hallam\Work\buildtools\Documentation\FrameworkLibraries\Help\Working\Output\HtmlHelp1\icons\pubinterface.gif
C:\Program Files (x86)\EWSoftware\Sandcastle Help File Builder\PresentationStyles\VS2013\icons\pubmethod.gif -&gt; C:\Users\hallam\Work\buildtools\Documentation\FrameworkLibraries\Help\Working\Output\HtmlHelp1\icons\pubmethod.gif
C:\Program Files (x86)\EWSoftware\Sandcastle Help File Builder\PresentationStyles\VS2013\icons\puboperator.gif -&gt; C:\Users\hallam\Work\buildtools\Documentation\FrameworkLibraries\Help\Working\Output\HtmlHelp1\icons\puboperator.gif
C:\Program Files (x86)\EWSoftware\Sandcastle Help File Builder\PresentationStyles\VS2013\icons\pubproperty.gif -&gt; C:\Users\hallam\Work\buildtools\Documentation\FrameworkLibraries\Help\Working\Output\HtmlHelp1\icons\pubproperty.gif
C:\Program Files (x86)\EWSoftware\Sandcastle Help File Builder\PresentationStyles\VS2013\icons\pubstructure.gif -&gt; C:\Users\hallam\Work\buildtools\Documentation\FrameworkLibraries\Help\Working\Output\HtmlHelp1\icons\pubstructure.gif
C:\Program Files (x86)\EWSoftware\Sandcastle Help File Builder\PresentationStyles\VS2013\icons\SectionCollapsed.png -&gt; C:\Users\hallam\Work\buildtools\Documentation\FrameworkLibraries\Help\Working\Output\HtmlHelp1\icons\SectionCollapsed.png
C:\Program Files (x86)\EWSoftware\Sandcastle Help File Builder\PresentationStyles\VS2013\icons\SectionExpanded.png -&gt; C:\Users\hallam\Work\buildtools\Documentation\FrameworkLibraries\Help\Working\Output\HtmlHelp1\icons\SectionExpanded.png
C:\Program Files (x86)\EWSoftware\Sandcastle Help File Builder\PresentationStyles\VS2013\icons\slMobile.gif -&gt; C:\Users\hallam\Work\buildtools\Documentation\FrameworkLibraries\Help\Working\Output\HtmlHelp1\icons\slMobile.gif
C:\Program Files (x86)\EWSoftware\Sandcastle Help File Builder\PresentationStyles\VS2013\icons\static.gif -&gt; C:\Users\hallam\Work\buildtools\Documentation\FrameworkLibraries\Help\Working\Output\HtmlHelp1\icons\static.gif
C:\Program Files (x86)\EWSoftware\Sandcastle Help File Builder\PresentationStyles\VS2013\icons\xna.gif -&gt; C:\Users\hallam\Work\buildtools\Documentation\FrameworkLibraries\Help\Working\Output\HtmlHelp1\icons\xna.gif
C:\Program Files (x86)\EWSoftware\Sandcastle Help File Builder\PresentationStyles\VS2013\scripts\branding.js -&gt; C:\Users\hallam\Work\buildtools\Documentation\FrameworkLibraries\Help\Working\Output\HtmlHelp1\scripts\branding.js
C:\Program Files (x86)\EWSoftware\Sandcastle Help File Builder\PresentationStyles\VS2013\styles\branding-cs-CZ.css -&gt; C:\Users\hallam\Work\buildtools\Documentation\FrameworkLibraries\Help\Working\Output\HtmlHelp1\styles\branding-cs-CZ.css
C:\Program Files (x86)\EWSoftware\Sandcastle Help File Builder\PresentationStyles\VS2013\styles\branding-de-DE.css -&gt; C:\Users\hallam\Work\buildtools\Documentation\FrameworkLibraries\Help\Working\Output\HtmlHelp1\styles\branding-de-DE.css
C:\Program Files (x86)\EWSoftware\Sandcastle Help File Builder\PresentationStyles\VS2013\styles\branding-en-US.css -&gt; C:\Users\hallam\Work\buildtools\Documentation\FrameworkLibraries\Help\Working\Output\HtmlHelp1\styles\branding-en-US.css
C:\Program Files (x86)\EWSoftware\Sandcastle Help File Builder\PresentationStyles\VS2013\styles\branding-es-ES.css -&gt; C:\Users\hallam\Work\buildtools\Documentation\FrameworkLibraries\Help\Working\Output\HtmlHelp1\styles\branding-es-ES.css
C:\Program Files (x86)\EWSoftware\Sandcastle Help File Builder\PresentationStyles\VS2013\styles\branding-fr-FR.css -&gt; C:\Users\hallam\Work\buildtools\Documentation\FrameworkLibraries\Help\Working\Output\HtmlHelp1\styles\branding-fr-FR.css
C:\Program Files (x86)\EWSoftware\Sandcastle Help File Builder\PresentationStyles\VS2013\styles\branding-Help1.css -&gt; C:\Users\hallam\Work\buildtools\Documentation\FrameworkLibraries\Help\Working\Output\HtmlHelp1\styles\branding-Help1.css
C:\Program Files (x86)\EWSoftware\Sandcastle Help File Builder\PresentationStyles\VS2013\styles\branding-HelpViewer.css -&gt; C:\Users\hallam\Work\buildtools\Documentation\FrameworkLibraries\Help\Working\Output\HtmlHelp1\styles\branding-HelpViewer.css
C:\Program Files (x86)\EWSoftware\Sandcastle Help File Builder\PresentationStyles\VS2013\styles\branding-it-IT.css -&gt; C:\Users\hallam\Work\buildtools\Documentation\FrameworkLibraries\Help\Working\Output\HtmlHelp1\styles\branding-it-IT.css
C:\Program Files (x86)\EWSoftware\Sandcastle Help File Builder\PresentationStyles\VS2013\styles\branding-ja-JP.css -&gt; C:\Users\hallam\Work\buildtools\Documentation\FrameworkLibraries\Help\Working\Output\HtmlHelp1\styles\branding-ja-JP.css
C:\Program Files (x86)\EWSoftware\Sandcastle Help File Builder\PresentationStyles\VS2013\styles\branding-ko-KR.css -&gt; C:\Users\hallam\Work\buildtools\Documentation\FrameworkLibraries\Help\Working\Output\HtmlHelp1\styles\branding-ko-KR.css
C:\Program Files (x86)\EWSoftware\Sandcastle Help File Builder\PresentationStyles\VS2013\styles\branding-pl-PL.css -&gt; C:\Users\hallam\Work\buildtools\Documentation\FrameworkLibraries\Help\Working\Output\HtmlHelp1\styles\branding-pl-PL.css
C:\Program Files (x86)\EWSoftware\Sandcastle Help File Builder\PresentationStyles\VS2013\styles\branding-pt-BR.css -&gt; C:\Users\hallam\Work\buildtools\Documentation\FrameworkLibraries\Help\Working\Output\HtmlHelp1\styles\branding-pt-BR.css
C:\Program Files (x86)\EWSoftware\Sandcastle Help File Builder\PresentationStyles\VS2013\styles\branding-ru-RU.css -&gt; C:\Users\hallam\Work\buildtools\Documentation\FrameworkLibraries\Help\Working\Output\HtmlHelp1\styles\branding-ru-RU.css
C:\Program Files (x86)\EWSoftware\Sandcastle Help File Builder\PresentationStyles\VS2013\styles\branding-tr-TR.css -&gt; C:\Users\hallam\Work\buildtools\Documentation\FrameworkLibraries\Help\Working\Output\HtmlHelp1\styles\branding-tr-TR.css
C:\Program Files (x86)\EWSoftware\Sandcastle Help File Builder\PresentationStyles\VS2013\styles\branding-Website.css -&gt; C:\Users\hallam\Work\buildtools\Documentation\FrameworkLibraries\Help\Working\Output\HtmlHelp1\styles\branding-Website.css
C:\Program Files (x86)\EWSoftware\Sandcastle Help File Builder\PresentationStyles\VS2013\styles\branding-zh-CN.css -&gt; C:\Users\hallam\Work\buildtools\Documentation\FrameworkLibraries\Help\Working\Output\HtmlHelp1\styles\branding-zh-CN.css
C:\Program Files (x86)\EWSoftware\Sandcastle Help File Builder\PresentationStyles\VS2013\styles\branding-zh-TW.css -&gt; C:\Users\hallam\Work\buildtools\Documentation\FrameworkLibraries\Help\Working\Output\HtmlHelp1\styles\branding-zh-TW.css
C:\Program Files (x86)\EWSoftware\Sandcastle Help File Builder\PresentationStyles\VS2013\styles\branding.css -&gt; C:\Users\hallam\Work\buildtools\Documentation\FrameworkLibraries\Help\Working\Output\HtmlHelp1\styles\branding.css
C:\Program Files (x86)\EWSoftware\Sandcastle Help File Builder\PresentationStyles\VS2013\icons\AlertCaution.png -&gt; C:\Users\hallam\Work\buildtools\Documentation\FrameworkLibraries\Help\Working\Output\MSHelpViewer\icons\AlertCaution.png
C:\Program Files (x86)\EWSoftware\Sandcastle Help File Builder\PresentationStyles\VS2013\icons\AlertNote.png -&gt; C:\Users\hallam\Work\buildtools\Documentation\FrameworkLibraries\Help\Working\Output\MSHelpViewer\icons\AlertNote.png
C:\Program Files (x86)\EWSoftware\Sandcastle Help File Builder\PresentationStyles\VS2013\icons\AlertSecurity.png -&gt; C:\Users\hallam\Work\buildtools\Documentation\FrameworkLibraries\Help\Working\Output\MSHelpViewer\icons\AlertSecurity.png
C:\Program Files (x86)\EWSoftware\Sandcastle Help File Builder\PresentationStyles\VS2013\icons\CFW.gif -&gt; C:\Users\hallam\Work\buildtools\Documentation\FrameworkLibraries\Help\Working\Output\MSHelpViewer\icons\CFW.gif
C:\Program Files (x86)\EWSoftware\Sandcastle Help File Builder\PresentationStyles\VS2013\icons\CodeExample.png -&gt; C:\Users\hallam\Work\buildtools\Documentation\FrameworkLibraries\Help\Working\Output\MSHelpViewer\icons\CodeExample.png
C:\Program Files (x86)\EWSoftware\Sandcastle Help File Builder\PresentationStyles\VS2013\icons\favicon.ico -&gt; C:\Users\hallam\Work\buildtools\Documentation\FrameworkLibraries\Help\Working\Output\MSHelpViewer\icons\favicon.ico
C:\Program Files (x86)\EWSoftware\Sandcastle Help File Builder\PresentationStyles\VS2013\icons\privclass.gif -&gt; C:\Users\hallam\Work\buildtools\Documentation\FrameworkLibraries\Help\Working\Output\MSHelpViewer\icons\privclass.gif
C:\Program Files (x86)\EWSoftware\Sandcastle Help File Builder\PresentationStyles\VS2013\icons\privdelegate.gif -&gt; C:\Users\hallam\Work\buildtools\Documentation\FrameworkLibraries\Help\Working\Output\MSHelpViewer\icons\privdelegate.gif
C:\Program Files (x86)\EWSoftware\Sandcastle Help File Builder\PresentationStyles\VS2013\icons\privenumeration.gif -&gt; C:\Users\hallam\Work\buildtools\Documentation\FrameworkLibraries\Help\Working\Output\MSHelpViewer\icons\privenumeration.gif
C:\Program Files (x86)\EWSoftware\Sandcastle Help File Builder\PresentationStyles\VS2013\icons\privevent.gif -&gt; C:\Users\hallam\Work\buildtools\Documentation\FrameworkLibraries\Help\Working\Output\MSHelpViewer\icons\privevent.gif
C:\Program Files (x86)\EWSoftware\Sandcastle Help File Builder\PresentationStyles\VS2013\icons\privextension.gif -&gt; C:\Users\hallam\Work\buildtools\Documentation\FrameworkLibraries\Help\Working\Output\MSHelpViewer\icons\privextension.gif
C:\Program Files (x86)\EWSoftware\Sandcastle Help File Builder\PresentationStyles\VS2013\icons\privfield.gif -&gt; C:\Users\hallam\Work\buildtools\Documentation\FrameworkLibraries\Help\Working\Output\MSHelpViewer\icons\privfield.gif
C:\Program Files (x86)\EWSoftware\Sandcastle Help File Builder\PresentationStyles\VS2013\icons\privinterface.gif -&gt; C:\Users\hallam\Work\buildtools\Documentation\FrameworkLibraries\Help\Working\Output\MSHelpViewer\icons\privinterface.gif
C:\Program Files (x86)\EWSoftware\Sandcastle Help File Builder\PresentationStyles\VS2013\icons\privmethod.gif -&gt; C:\Users\hallam\Work\buildtools\Documentation\FrameworkLibraries\Help\Working\Output\MSHelpViewer\icons\privmethod.gif
C:\Program Files (x86)\EWSoftware\Sandcastle Help File Builder\PresentationStyles\VS2013\icons\privproperty.gif -&gt; C:\Users\hallam\Work\buildtools\Documentation\FrameworkLibraries\Help\Working\Output\MSHelpViewer\icons\privproperty.gif
C:\Program Files (x86)\EWSoftware\Sandcastle Help File Builder\PresentationStyles\VS2013\icons\privstructure.gif -&gt; C:\Users\hallam\Work\buildtools\Documentation\FrameworkLibraries\Help\Working\Output\MSHelpViewer\icons\privstructure.gif
C:\Program Files (x86)\EWSoftware\Sandcastle Help File Builder\PresentationStyles\VS2013\icons\protclass.gif -&gt; C:\Users\hallam\Work\buildtools\Documentation\FrameworkLibraries\Help\Working\Output\MSHelpViewer\icons\protclass.gif
C:\Program Files (x86)\EWSoftware\Sandcastle Help File Builder\PresentationStyles\VS2013\icons\protdelegate.gif -&gt; C:\Users\hallam\Work\buildtools\Documentation\FrameworkLibraries\Help\Working\Output\MSHelpViewer\icons\protdelegate.gif
C:\Program Files (x86)\EWSoftware\Sandcastle Help File Builder\PresentationStyles\VS2013\icons\protenumeration.gif -&gt; C:\Users\hallam\Work\buildtools\Documentation\FrameworkLibraries\Help\Working\Output\MSHelpViewer\icons\protenumeration.gif
C:\Program Files (x86)\EWSoftware\Sandcastle Help File Builder\PresentationStyles\VS2013\icons\protevent.gif -&gt; C:\Users\hallam\Work\buildtools\Documentation\FrameworkLibraries\Help\Working\Output\MSHelpViewer\icons\protevent.gif
C:\Program Files (x86)\EWSoftware\Sandcastle Help File Builder\PresentationStyles\VS2013\icons\protextension.gif -&gt; C:\Users\hallam\Work\buildtools\Documentation\FrameworkLibraries\Help\Working\Output\MSHelpViewer\icons\protextension.gif
C:\Program Files (x86)\EWSoftware\Sandcastle Help File Builder\PresentationStyles\VS2013\icons\protfield.gif -&gt; C:\Users\hallam\Work\buildtools\Documentation\FrameworkLibraries\Help\Working\Output\MSHelpViewer\icons\protfield.gif
C:\Program Files (x86)\EWSoftware\Sandcastle Help File Builder\PresentationStyles\VS2013\icons\protinterface.gif -&gt; C:\Users\hallam\Work\buildtools\Documentation\FrameworkLibraries\Help\Working\Output\MSHelpViewer\icons\protinterface.gif
C:\Program Files (x86)\EWSoftware\Sandcastle Help File Builder\PresentationStyles\VS2013\icons\protmethod.gif -&gt; C:\Users\hallam\Work\buildtools\Documentation\FrameworkLibraries\Help\Working\Output\MSHelpViewer\icons\protmethod.gif
C:\Program Files (x86)\EWSoftware\Sandcastle Help File Builder\PresentationStyles\VS2013\icons\protoperator.gif -&gt; C:\Users\hallam\Work\buildtools\Documentation\FrameworkLibraries\Help\Working\Output\MSHelpViewer\icons\protoperator.gif
C:\Program Files (x86)\EWSoftware\Sandcastle Help File Builder\PresentationStyles\VS2013\icons\protproperty.gif -&gt; C:\Users\hallam\Work\buildtools\Documentation\FrameworkLibraries\Help\Working\Output\MSHelpViewer\icons\protproperty.gif
C:\Program Files (x86)\EWSoftware\Sandcastle Help File Builder\PresentationStyles\VS2013\icons\protstructure.gif -&gt; C:\Users\hallam\Work\buildtools\Documentation\FrameworkLibraries\Help\Working\Output\MSHelpViewer\icons\protstructure.gif
C:\Program Files (x86)\EWSoftware\Sandcastle Help File Builder\PresentationStyles\VS2013\icons\pubclass.gif -&gt; C:\Users\hallam\Work\buildtools\Documentation\FrameworkLibraries\Help\Working\Output\MSHelpViewer\icons\pubclass.gif
C:\Program Files (x86)\EWSoftware\Sandcastle Help File Builder\PresentationStyles\VS2013\icons\pubdelegate.gif -&gt; C:\Users\hallam\Work\buildtools\Documentation\FrameworkLibraries\Help\Working\Output\MSHelpViewer\icons\pubdelegate.gif
C:\Program Files (x86)\EWSoftware\Sandcastle Help File Builder\PresentationStyles\VS2013\icons\pubenumeration.gif -&gt; C:\Users\hallam\Work\buildtools\Documentation\FrameworkLibraries\Help\Working\Output\MSHelpViewer\icons\pubenumeration.gif
C:\Program Files (x86)\EWSoftware\Sandcastle Help File Builder\PresentationStyles\VS2013\icons\pubevent.gif -&gt; C:\Users\hallam\Work\buildtools\Documentation\FrameworkLibraries\Help\Working\Output\MSHelpViewer\icons\pubevent.gif
C:\Program Files (x86)\EWSoftware\Sandcastle Help File Builder\PresentationStyles\VS2013\icons\pubextension.gif -&gt; C:\Users\hallam\Work\buildtools\Documentation\FrameworkLibraries\Help\Working\Output\MSHelpViewer\icons\pubextension.gif
C:\Program Files (x86)\EWSoftware\Sandcastle Help File Builder\PresentationStyles\VS2013\icons\pubfield.gif -&gt; C:\Users\hallam\Work\buildtools\Documentation\FrameworkLibraries\Help\Working\Output\MSHelpViewer\icons\pubfield.gif
C:\Program Files (x86)\EWSoftware\Sandcastle Help File Builder\PresentationStyles\VS2013\icons\pubinterface.gif -&gt; C:\Users\hallam\Work\buildtools\Documentation\FrameworkLibraries\Help\Working\Output\MSHelpViewer\icons\pubinterface.gif
C:\Program Files (x86)\EWSoftware\Sandcastle Help File Builder\PresentationStyles\VS2013\icons\pubmethod.gif -&gt; C:\Users\hallam\Work\buildtools\Documentation\FrameworkLibraries\Help\Working\Output\MSHelpViewer\icons\pubmethod.gif
C:\Program Files (x86)\EWSoftware\Sandcastle Help File Builder\PresentationStyles\VS2013\icons\puboperator.gif -&gt; C:\Users\hallam\Work\buildtools\Documentation\FrameworkLibraries\Help\Working\Output\MSHelpViewer\icons\puboperator.gif
C:\Program Files (x86)\EWSoftware\Sandcastle Help File Builder\PresentationStyles\VS2013\icons\pubproperty.gif -&gt; C:\Users\hallam\Work\buildtools\Documentation\FrameworkLibraries\Help\Working\Output\MSHelpViewer\icons\pubproperty.gif
C:\Program Files (x86)\EWSoftware\Sandcastle Help File Builder\PresentationStyles\VS2013\icons\pubstructure.gif -&gt; C:\Users\hallam\Work\buildtools\Documentation\FrameworkLibraries\Help\Working\Output\MSHelpViewer\icons\pubstructure.gif
C:\Program Files (x86)\EWSoftware\Sandcastle Help File Builder\PresentationStyles\VS2013\icons\SectionCollapsed.png -&gt; C:\Users\hallam\Work\buildtools\Documentation\FrameworkLibraries\Help\Working\Output\MSHelpViewer\icons\SectionCollapsed.png
C:\Program Files (x86)\EWSoftware\Sandcastle Help File Builder\PresentationStyles\VS2013\icons\SectionExpanded.png -&gt; C:\Users\hallam\Work\buildtools\Documentation\FrameworkLibraries\Help\Working\Output\MSHelpViewer\icons\SectionExpanded.png
C:\Program Files (x86)\EWSoftware\Sandcastle Help File Builder\PresentationStyles\VS2013\icons\slMobile.gif -&gt; C:\Users\hallam\Work\buildtools\Documentation\FrameworkLibraries\Help\Working\Output\MSHelpViewer\icons\slMobile.gif
C:\Program Files (x86)\EWSoftware\Sandcastle Help File Builder\PresentationStyles\VS2013\icons\static.gif -&gt; C:\Users\hallam\Work\buildtools\Documentation\FrameworkLibraries\Help\Working\Output\MSHelpViewer\icons\static.gif
C:\Program Files (x86)\EWSoftware\Sandcastle Help File Builder\PresentationStyles\VS2013\icons\xna.gif -&gt; C:\Users\hallam\Work\buildtools\Documentation\FrameworkLibraries\Help\Working\Output\MSHelpViewer\icons\xna.gif
C:\Program Files (x86)\EWSoftware\Sandcastle Help File Builder\PresentationStyles\VS2013\scripts\branding.js -&gt; C:\Users\hallam\Work\buildtools\Documentation\FrameworkLibraries\Help\Working\Output\MSHelpViewer\scripts\branding.js
C:\Program Files (x86)\EWSoftware\Sandcastle Help File Builder\PresentationStyles\VS2013\styles\branding-cs-CZ.css -&gt; C:\Users\hallam\Work\buildtools\Documentation\FrameworkLibraries\Help\Working\Output\MSHelpViewer\styles\branding-cs-CZ.css
C:\Program Files (x86)\EWSoftware\Sandcastle Help File Builder\PresentationStyles\VS2013\styles\branding-de-DE.css -&gt; C:\Users\hallam\Work\buildtools\Documentation\FrameworkLibraries\Help\Working\Output\MSHelpViewer\styles\branding-de-DE.css
C:\Program Files (x86)\EWSoftware\Sandcastle Help File Builder\PresentationStyles\VS2013\styles\branding-en-US.css -&gt; C:\Users\hallam\Work\buildtools\Documentation\FrameworkLibraries\Help\Working\Output\MSHelpViewer\styles\branding-en-US.css
C:\Program Files (x86)\EWSoftware\Sandcastle Help File Builder\PresentationStyles\VS2013\styles\branding-es-ES.css -&gt; C:\Users\hallam\Work\buildtools\Documentation\FrameworkLibraries\Help\Working\Output\MSHelpViewer\styles\branding-es-ES.css
C:\Program Files (x86)\EWSoftware\Sandcastle Help File Builder\PresentationStyles\VS2013\styles\branding-fr-FR.css -&gt; C:\Users\hallam\Work\buildtools\Documentation\FrameworkLibraries\Help\Working\Output\MSHelpViewer\styles\branding-fr-FR.css
C:\Program Files (x86)\EWSoftware\Sandcastle Help File Builder\PresentationStyles\VS2013\styles\branding-Help1.css -&gt; C:\Users\hallam\Work\buildtools\Documentation\FrameworkLibraries\Help\Working\Output\MSHelpViewer\styles\branding-Help1.css
C:\Program Files (x86)\EWSoftware\Sandcastle Help File Builder\PresentationStyles\VS2013\styles\branding-HelpViewer.css -&gt; C:\Users\hallam\Work\buildtools\Documentation\FrameworkLibraries\Help\Working\Output\MSHelpViewer\styles\branding-HelpViewer.css
C:\Program Files (x86)\EWSoftware\Sandcastle Help File Builder\PresentationStyles\VS2013\styles\branding-it-IT.css -&gt; C:\Users\hallam\Work\buildtools\Documentation\FrameworkLibraries\Help\Working\Output\MSHelpViewer\styles\branding-it-IT.css
C:\Program Files (x86)\EWSoftware\Sandcastle Help File Builder\PresentationStyles\VS2013\styles\branding-ja-JP.css -&gt; C:\Users\hallam\Work\buildtools\Documentation\FrameworkLibraries\Help\Working\Output\MSHelpViewer\styles\branding-ja-JP.css
C:\Program Files (x86)\EWSoftware\Sandcastle Help File Builder\PresentationStyles\VS2013\styles\branding-ko-KR.css -&gt; C:\Users\hallam\Work\buildtools\Documentation\FrameworkLibraries\Help\Working\Output\MSHelpViewer\styles\branding-ko-KR.css
C:\Program Files (x86)\EWSoftware\Sandcastle Help File Builder\PresentationStyles\VS2013\styles\branding-pl-PL.css -&gt; C:\Users\hallam\Work\buildtools\Documentation\FrameworkLibraries\Help\Working\Output\MSHelpViewer\styles\branding-pl-PL.css
C:\Program Files (x86)\EWSoftware\Sandcastle Help File Builder\PresentationStyles\VS2013\styles\branding-pt-BR.css -&gt; C:\Users\hallam\Work\buildtools\Documentation\FrameworkLibraries\Help\Working\Output\MSHelpViewer\styles\branding-pt-BR.css
C:\Program Files (x86)\EWSoftware\Sandcastle Help File Builder\PresentationStyles\VS2013\styles\branding-ru-RU.css -&gt; C:\Users\hallam\Work\buildtools\Documentation\FrameworkLibraries\Help\Working\Output\MSHelpViewer\styles\branding-ru-RU.css
C:\Program Files (x86)\EWSoftware\Sandcastle Help File Builder\PresentationStyles\VS2013\styles\branding-tr-TR.css -&gt; C:\Users\hallam\Work\buildtools\Documentation\FrameworkLibraries\Help\Working\Output\MSHelpViewer\styles\branding-tr-TR.css
C:\Program Files (x86)\EWSoftware\Sandcastle Help File Builder\PresentationStyles\VS2013\styles\branding-Website.css -&gt; C:\Users\hallam\Work\buildtools\Documentation\FrameworkLibraries\Help\Working\Output\MSHelpViewer\styles\branding-Website.css
C:\Program Files (x86)\EWSoftware\Sandcastle Help File Builder\PresentationStyles\VS2013\styles\branding-zh-CN.css -&gt; C:\Users\hallam\Work\buildtools\Documentation\FrameworkLibraries\Help\Working\Output\MSHelpViewer\styles\branding-zh-CN.css
C:\Program Files (x86)\EWSoftware\Sandcastle Help File Builder\PresentationStyles\VS2013\styles\branding-zh-TW.css -&gt; C:\Users\hallam\Work\buildtools\Documentation\FrameworkLibraries\Help\Working\Output\MSHelpViewer\styles\branding-zh-TW.css
C:\Program Files (x86)\EWSoftware\Sandcastle Help File Builder\PresentationStyles\VS2013\styles\branding.css -&gt; C:\Users\hallam\Work\buildtools\Documentation\FrameworkLibraries\Help\Working\Output\MSHelpViewer\styles\branding.css
C:\Program Files (x86)\EWSoftware\Sandcastle Help File Builder\PresentationStyles\VS2013\icons\AlertCaution.png -&gt; C:\Users\hallam\Work\buildtools\Documentation\FrameworkLibraries\Help\Working\Output\Website\icons\AlertCaution.png
C:\Program Files (x86)\EWSoftware\Sandcastle Help File Builder\PresentationStyles\VS2013\icons\AlertNote.png -&gt; C:\Users\hallam\Work\buildtools\Documentation\FrameworkLibraries\Help\Working\Output\Website\icons\AlertNote.png
C:\Program Files (x86)\EWSoftware\Sandcastle Help File Builder\PresentationStyles\VS2013\icons\AlertSecurity.png -&gt; C:\Users\hallam\Work\buildtools\Documentation\FrameworkLibraries\Help\Working\Output\Website\icons\AlertSecurity.png
C:\Program Files (x86)\EWSoftware\Sandcastle Help File Builder\PresentationStyles\VS2013\icons\CFW.gif -&gt; C:\Users\hallam\Work\buildtools\Documentation\FrameworkLibraries\Help\Working\Output\Website\icons\CFW.gif
C:\Program Files (x86)\EWSoftware\Sandcastle Help File Builder\PresentationStyles\VS2013\icons\CodeExample.png -&gt; C:\Users\hallam\Work\buildtools\Documentation\FrameworkLibraries\Help\Working\Output\Website\icons\CodeExample.png
C:\Program Files (x86)\EWSoftware\Sandcastle Help File Builder\PresentationStyles\VS2013\icons\favicon.ico -&gt; C:\Users\hallam\Work\buildtools\Documentation\FrameworkLibraries\Help\Working\Output\Website\icons\favicon.ico
C:\Program Files (x86)\EWSoftware\Sandcastle Help File Builder\PresentationStyles\VS2013\icons\privclass.gif -&gt; C:\Users\hallam\Work\buildtools\Documentation\FrameworkLibraries\Help\Working\Output\Website\icons\privclass.gif
C:\Program Files (x86)\EWSoftware\Sandcastle Help File Builder\PresentationStyles\VS2013\icons\privdelegate.gif -&gt; C:\Users\hallam\Work\buildtools\Documentation\FrameworkLibraries\Help\Working\Output\Website\icons\privdelegate.gif
C:\Program Files (x86)\EWSoftware\Sandcastle Help File Builder\PresentationStyles\VS2013\icons\privenumeration.gif -&gt; C:\Users\hallam\Work\buildtools\Documentation\FrameworkLibraries\Help\Working\Output\Website\icons\privenumeration.gif
C:\Program Files (x86)\EWSoftware\Sandcastle Help File Builder\PresentationStyles\VS2013\icons\privevent.gif -&gt; C:\Users\hallam\Work\buildtools\Documentation\FrameworkLibraries\Help\Working\Output\Website\icons\privevent.gif
C:\Program Files (x86)\EWSoftware\Sandcastle Help File Builder\PresentationStyles\VS2013\icons\privextension.gif -&gt; C:\Users\hallam\Work\buildtools\Documentation\FrameworkLibraries\Help\Working\Output\Website\icons\privextension.gif
C:\Program Files (x86)\EWSoftware\Sandcastle Help File Builder\PresentationStyles\VS2013\icons\privfield.gif -&gt; C:\Users\hallam\Work\buildtools\Documentation\FrameworkLibraries\Help\Working\Output\Website\icons\privfield.gif
C:\Program Files (x86)\EWSoftware\Sandcastle Help File Builder\PresentationStyles\VS2013\icons\privinterface.gif -&gt; C:\Users\hallam\Work\buildtools\Documentation\FrameworkLibraries\Help\Working\Output\Website\icons\privinterface.gif
C:\Program Files (x86)\EWSoftware\Sandcastle Help File Builder\PresentationStyles\VS2013\icons\privmethod.gif -&gt; C:\Users\hallam\Work\buildtools\Documentation\FrameworkLibraries\Help\Working\Output\Website\icons\privmethod.gif
C:\Program Files (x86)\EWSoftware\Sandcastle Help File Builder\PresentationStyles\VS2013\icons\privproperty.gif -&gt; C:\Users\hallam\Work\buildtools\Documentation\FrameworkLibraries\Help\Working\Output\Website\icons\privproperty.gif
C:\Program Files (x86)\EWSoftware\Sandcastle Help File Builder\PresentationStyles\VS2013\icons\privstructure.gif -&gt; C:\Users\hallam\Work\buildtools\Documentation\FrameworkLibraries\Help\Working\Output\Website\icons\privstructure.gif
C:\Program Files (x86)\EWSoftware\Sandcastle Help File Builder\PresentationStyles\VS2013\icons\protclass.gif -&gt; C:\Users\hallam\Work\buildtools\Documentation\FrameworkLibraries\Help\Working\Output\Website\icons\protclass.gif
C:\Program Files (x86)\EWSoftware\Sandcastle Help File Builder\PresentationStyles\VS2013\icons\protdelegate.gif -&gt; C:\Users\hallam\Work\buildtools\Documentation\FrameworkLibraries\Help\Working\Output\Website\icons\protdelegate.gif
C:\Program Files (x86)\EWSoftware\Sandcastle Help File Builder\PresentationStyles\VS2013\icons\protenumeration.gif -&gt; C:\Users\hallam\Work\buildtools\Documentation\FrameworkLibraries\Help\Working\Output\Website\icons\protenumeration.gif
C:\Program Files (x86)\EWSoftware\Sandcastle Help File Builder\PresentationStyles\VS2013\icons\protevent.gif -&gt; C:\Users\hallam\Work\buildtools\Documentation\FrameworkLibraries\Help\Working\Output\Website\icons\protevent.gif
C:\Program Files (x86)\EWSoftware\Sandcastle Help File Builder\PresentationStyles\VS2013\icons\protextension.gif -&gt; C:\Users\hallam\Work\buildtools\Documentation\FrameworkLibraries\Help\Working\Output\Website\icons\protextension.gif
C:\Program Files (x86)\EWSoftware\Sandcastle Help File Builder\PresentationStyles\VS2013\icons\protfield.gif -&gt; C:\Users\hallam\Work\buildtools\Documentation\FrameworkLibraries\Help\Working\Output\Website\icons\protfield.gif
C:\Program Files (x86)\EWSoftware\Sandcastle Help File Builder\PresentationStyles\VS2013\icons\protinterface.gif -&gt; C:\Users\hallam\Work\buildtools\Documentation\FrameworkLibraries\Help\Working\Output\Website\icons\protinterface.gif
C:\Program Files (x86)\EWSoftware\Sandcastle Help File Builder\PresentationStyles\VS2013\icons\protmethod.gif -&gt; C:\Users\hallam\Work\buildtools\Documentation\FrameworkLibraries\Help\Working\Output\Website\icons\protmethod.gif
C:\Program Files (x86)\EWSoftware\Sandcastle Help File Builder\PresentationStyles\VS2013\icons\protoperator.gif -&gt; C:\Users\hallam\Work\buildtools\Documentation\FrameworkLibraries\Help\Working\Output\Website\icons\protoperator.gif
C:\Program Files (x86)\EWSoftware\Sandcastle Help File Builder\PresentationStyles\VS2013\icons\protproperty.gif -&gt; C:\Users\hallam\Work\buildtools\Documentation\FrameworkLibraries\Help\Working\Output\Website\icons\protproperty.gif
C:\Program Files (x86)\EWSoftware\Sandcastle Help File Builder\PresentationStyles\VS2013\icons\protstructure.gif -&gt; C:\Users\hallam\Work\buildtools\Documentation\FrameworkLibraries\Help\Working\Output\Website\icons\protstructure.gif
C:\Program Files (x86)\EWSoftware\Sandcastle Help File Builder\PresentationStyles\VS2013\icons\pubclass.gif -&gt; C:\Users\hallam\Work\buildtools\Documentation\FrameworkLibraries\Help\Working\Output\Website\icons\pubclass.gif
C:\Program Files (x86)\EWSoftware\Sandcastle Help File Builder\PresentationStyles\VS2013\icons\pubdelegate.gif -&gt; C:\Users\hallam\Work\buildtools\Documentation\FrameworkLibraries\Help\Working\Output\Website\icons\pubdelegate.gif
C:\Program Files (x86)\EWSoftware\Sandcastle Help File Builder\PresentationStyles\VS2013\icons\pubenumeration.gif -&gt; C:\Users\hallam\Work\buildtools\Documentation\FrameworkLibraries\Help\Working\Output\Website\icons\pubenumeration.gif
C:\Program Files (x86)\EWSoftware\Sandcastle Help File Builder\PresentationStyles\VS2013\icons\pubevent.gif -&gt; C:\Users\hallam\Work\buildtools\Documentation\FrameworkLibraries\Help\Working\Output\Website\icons\pubevent.gif
C:\Program Files (x86)\EWSoftware\Sandcastle Help File Builder\PresentationStyles\VS2013\icons\pubextension.gif -&gt; C:\Users\hallam\Work\buildtools\Documentation\FrameworkLibraries\Help\Working\Output\Website\icons\pubextension.gif
C:\Program Files (x86)\EWSoftware\Sandcastle Help File Builder\PresentationStyles\VS2013\icons\pubfield.gif -&gt; C:\Users\hallam\Work\buildtools\Documentation\FrameworkLibraries\Help\Working\Output\Website\icons\pubfield.gif
C:\Program Files (x86)\EWSoftware\Sandcastle Help File Builder\PresentationStyles\VS2013\icons\pubinterface.gif -&gt; C:\Users\hallam\Work\buildtools\Documentation\FrameworkLibraries\Help\Working\Output\Website\icons\pubinterface.gif
C:\Program Files (x86)\EWSoftware\Sandcastle Help File Builder\PresentationStyles\VS2013\icons\pubmethod.gif -&gt; C:\Users\hallam\Work\buildtools\Documentation\FrameworkLibraries\Help\Working\Output\Website\icons\pubmethod.gif
C:\Program Files (x86)\EWSoftware\Sandcastle Help File Builder\PresentationStyles\VS2013\icons\puboperator.gif -&gt; C:\Users\hallam\Work\buildtools\Documentation\FrameworkLibraries\Help\Working\Output\Website\icons\puboperator.gif
C:\Program Files (x86)\EWSoftware\Sandcastle Help File Builder\PresentationStyles\VS2013\icons\pubproperty.gif -&gt; C:\Users\hallam\Work\buildtools\Documentation\FrameworkLibraries\Help\Working\Output\Website\icons\pubproperty.gif
C:\Program Files (x86)\EWSoftware\Sandcastle Help File Builder\PresentationStyles\VS2013\icons\pubstructure.gif -&gt; C:\Users\hallam\Work\buildtools\Documentation\FrameworkLibraries\Help\Working\Output\Website\icons\pubstructure.gif
C:\Program Files (x86)\EWSoftware\Sandcastle Help File Builder\PresentationStyles\VS2013\icons\SectionCollapsed.png -&gt; C:\Users\hallam\Work\buildtools\Documentation\FrameworkLibraries\Help\Working\Output\Website\icons\SectionCollapsed.png
C:\Program Files (x86)\EWSoftware\Sandcastle Help File Builder\PresentationStyles\VS2013\icons\SectionExpanded.png -&gt; C:\Users\hallam\Work\buildtools\Documentation\FrameworkLibraries\Help\Working\Output\Website\icons\SectionExpanded.png
C:\Program Files (x86)\EWSoftware\Sandcastle Help File Builder\PresentationStyles\VS2013\icons\slMobile.gif -&gt; C:\Users\hallam\Work\buildtools\Documentation\FrameworkLibraries\Help\Working\Output\Website\icons\slMobile.gif
C:\Program Files (x86)\EWSoftware\Sandcastle Help File Builder\PresentationStyles\VS2013\icons\static.gif -&gt; C:\Users\hallam\Work\buildtools\Documentation\FrameworkLibraries\Help\Working\Output\Website\icons\static.gif
C:\Program Files (x86)\EWSoftware\Sandcastle Help File Builder\PresentationStyles\VS2013\icons\xna.gif -&gt; C:\Users\hallam\Work\buildtools\Documentation\FrameworkLibraries\Help\Working\Output\Website\icons\xna.gif
C:\Program Files (x86)\EWSoftware\Sandcastle Help File Builder\PresentationStyles\VS2013\scripts\branding.js -&gt; C:\Users\hallam\Work\buildtools\Documentation\FrameworkLibraries\Help\Working\Output\Website\scripts\branding.js
C:\Program Files (x86)\EWSoftware\Sandcastle Help File Builder\PresentationStyles\VS2013\styles\branding-cs-CZ.css -&gt; C:\Users\hallam\Work\buildtools\Documentation\FrameworkLibraries\Help\Working\Output\Website\styles\branding-cs-CZ.css
C:\Program Files (x86)\EWSoftware\Sandcastle Help File Builder\PresentationStyles\VS2013\styles\branding-de-DE.css -&gt; C:\Users\hallam\Work\buildtools\Documentation\FrameworkLibraries\Help\Working\Output\Website\styles\branding-de-DE.css
C:\Program Files (x86)\EWSoftware\Sandcastle Help File Builder\PresentationStyles\VS2013\styles\branding-en-US.css -&gt; C:\Users\hallam\Work\buildtools\Documentation\FrameworkLibraries\Help\Working\Output\Website\styles\branding-en-US.css
C:\Program Files (x86)\EWSoftware\Sandcastle Help File Builder\PresentationStyles\VS2013\styles\branding-es-ES.css -&gt; C:\Users\hallam\Work\buildtools\Documentation\FrameworkLibraries\Help\Working\Output\Website\styles\branding-es-ES.css
C:\Program Files (x86)\EWSoftware\Sandcastle Help File Builder\PresentationStyles\VS2013\styles\branding-fr-FR.css -&gt; C:\Users\hallam\Work\buildtools\Documentation\FrameworkLibraries\Help\Working\Output\Website\styles\branding-fr-FR.css
C:\Program Files (x86)\EWSoftware\Sandcastle Help File Builder\PresentationStyles\VS2013\styles\branding-Help1.css -&gt; C:\Users\hallam\Work\buildtools\Documentation\FrameworkLibraries\Help\Working\Output\Website\styles\branding-Help1.css
C:\Program Files (x86)\EWSoftware\Sandcastle Help File Builder\PresentationStyles\VS2013\styles\branding-HelpViewer.css -&gt; C:\Users\hallam\Work\buildtools\Documentation\FrameworkLibraries\Help\Working\Output\Website\styles\branding-HelpViewer.css
C:\Program Files (x86)\EWSoftware\Sandcastle Help File Builder\PresentationStyles\VS2013\styles\branding-it-IT.css -&gt; C:\Users\hallam\Work\buildtools\Documentation\FrameworkLibraries\Help\Working\Output\Website\styles\branding-it-IT.css
C:\Program Files (x86)\EWSoftware\Sandcastle Help File Builder\PresentationStyles\VS2013\styles\branding-ja-JP.css -&gt; C:\Users\hallam\Work\buildtools\Documentation\FrameworkLibraries\Help\Working\Output\Website\styles\branding-ja-JP.css
C:\Program Files (x86)\EWSoftware\Sandcastle Help File Builder\PresentationStyles\VS2013\styles\branding-ko-KR.css -&gt; C:\Users\hallam\Work\buildtools\Documentation\FrameworkLibraries\Help\Working\Output\Website\styles\branding-ko-KR.css
C:\Program Files (x86)\EWSoftware\Sandcastle Help File Builder\PresentationStyles\VS2013\styles\branding-pl-PL.css -&gt; C:\Users\hallam\Work\buildtools\Documentation\FrameworkLibraries\Help\Working\Output\Website\styles\branding-pl-PL.css
C:\Program Files (x86)\EWSoftware\Sandcastle Help File Builder\PresentationStyles\VS2013\styles\branding-pt-BR.css -&gt; C:\Users\hallam\Work\buildtools\Documentation\FrameworkLibraries\Help\Working\Output\Website\styles\branding-pt-BR.css
C:\Program Files (x86)\EWSoftware\Sandcastle Help File Builder\PresentationStyles\VS2013\styles\branding-ru-RU.css -&gt; C:\Users\hallam\Work\buildtools\Documentation\FrameworkLibraries\Help\Working\Output\Website\styles\branding-ru-RU.css
C:\Program Files (x86)\EWSoftware\Sandcastle Help File Builder\PresentationStyles\VS2013\styles\branding-tr-TR.css -&gt; C:\Users\hallam\Work\buildtools\Documentation\FrameworkLibraries\Help\Working\Output\Website\styles\branding-tr-TR.css
C:\Program Files (x86)\EWSoftware\Sandcastle Help File Builder\PresentationStyles\VS2013\styles\branding-Website.css -&gt; C:\Users\hallam\Work\buildtools\Documentation\FrameworkLibraries\Help\Working\Output\Website\styles\branding-Website.css
C:\Program Files (x86)\EWSoftware\Sandcastle Help File Builder\PresentationStyles\VS2013\styles\branding-zh-CN.css -&gt; C:\Users\hallam\Work\buildtools\Documentation\FrameworkLibraries\Help\Working\Output\Website\styles\branding-zh-CN.css
C:\Program Files (x86)\EWSoftware\Sandcastle Help File Builder\PresentationStyles\VS2013\styles\branding-zh-TW.css -&gt; C:\Users\hallam\Work\buildtools\Documentation\FrameworkLibraries\Help\Working\Output\Website\styles\branding-zh-TW.css
C:\Program Files (x86)\EWSoftware\Sandcastle Help File Builder\PresentationStyles\VS2013\styles\branding.css -&gt; C:\Users\hallam\Work\buildtools\Documentation\FrameworkLibraries\Help\Working\Output\Website\styles\branding.css
C:\Program Files (x86)\EWSoftware\Sandcastle Help File Builder\PresentationStyles\VS2013\Web\index.html -&gt; C:\Users\hallam\Work\buildtools\Documentation\FrameworkLibraries\Help\Working\Output\Website\index.html
C:\Program Files (x86)\EWSoftware\Sandcastle Help File Builder\PresentationStyles\VS2013\Web\search.html -&gt; C:\Users\hallam\Work\buildtools\Documentation\FrameworkLibraries\Help\Working\Output\Website\search.html
C:\Program Files (x86)\EWSoftware\Sandcastle Help File Builder\PresentationStyles\VS2013\Web\SearchHelp.aspx -&gt; C:\Users\hallam\Work\buildtools\Documentation\FrameworkLibraries\Help\Working\Output\Website\SearchHelp.aspx
C:\Program Files (x86)\EWSoftware\Sandcastle Help File Builder\PresentationStyles\VS2013\Web\SearchHelp.inc.php -&gt; C:\Users\hallam\Work\buildtools\Documentation\FrameworkLibraries\Help\Working\Output\Website\SearchHelp.inc.php
C:\Program Files (x86)\EWSoftware\Sandcastle Help File Builder\PresentationStyles\VS2013\Web\SearchHelp.php -&gt; C:\Users\hallam\Work\buildtools\Documentation\FrameworkLibraries\Help\Working\Output\Website\SearchHelp.php
C:\Program Files (x86)\EWSoftware\Sandcastle Help File Builder\PresentationStyles\VS2013\Web\Web.Config -&gt; C:\Users\hallam\Work\buildtools\Documentation\FrameworkLibraries\Help\Working\Output\Website\Web.Config
C:\Program Files (x86)\EWSoftware\Sandcastle Help File Builder\PresentationStyles\VS2013\Web\icons\Search.png -&gt; C:\Users\hallam\Work\buildtools\Documentation\FrameworkLibraries\Help\Working\Output\Website\icons\Search.png
C:\Program Files (x86)\EWSoftware\Sandcastle Help File Builder\PresentationStyles\VS2013\Web\icons\TocClose.gif -&gt; C:\Users\hallam\Work\buildtools\Documentation\FrameworkLibraries\Help\Working\Output\Website\icons\TocClose.gif
C:\Program Files (x86)\EWSoftware\Sandcastle Help File Builder\PresentationStyles\VS2013\Web\icons\TocCollapsed.gif -&gt; C:\Users\hallam\Work\buildtools\Documentation\FrameworkLibraries\Help\Working\Output\Website\icons\TocCollapsed.gif
C:\Program Files (x86)\EWSoftware\Sandcastle Help File Builder\PresentationStyles\VS2013\Web\icons\TocExpanded.gif -&gt; C:\Users\hallam\Work\buildtools\Documentation\FrameworkLibraries\Help\Working\Output\Website\icons\TocExpanded.gif
C:\Program Files (x86)\EWSoftware\Sandcastle Help File Builder\PresentationStyles\VS2013\Web\icons\TocOpen.gif -&gt; C:\Users\hallam\Work\buildtools\Documentation\FrameworkLibraries\Help\Working\Output\Website\icons\TocOpen.gif
C:\Program Files (x86)\EWSoftware\Sandcastle Help File Builder\PresentationStyles\VS2013\Web\scripts\branding-Website.js -&gt; C:\Users\hallam\Work\buildtools\Documentation\FrameworkLibraries\Help\Working\Output\Website\scripts\branding-Website.js
C:\Program Files (x86)\EWSoftware\Sandcastle Help File Builder\PresentationStyles\VS2013\Web\scripts\clipboard.min.js -&gt; C:\Users\hallam\Work\buildtools\Documentation\FrameworkLibraries\Help\Working\Output\Website\scripts\clipboard.min.js
C:\Program Files (x86)\EWSoftware\Sandcastle Help File Builder\PresentationStyles\VS2013\Web\scripts\jquery-1.11.0.min.js -&gt; C:\Users\hallam\Work\buildtools\Documentation\FrameworkLibraries\Help\Working\Output\Website\scripts\jquery-1.11.0.min.js
    Last step completed in 00:00:00.8113
</buildStep>
<buildStep step="GenerateHelpFormatTableOfContents">
Generating HTML Help 1 table of contents file...
    Last step completed in 00:00:00.0005
</buildStep>
<buildStep step="GenerateHelpFileIndex">
Generating HTML Help 1 index file...
    Last step completed in 00:00:00.0000
</buildStep>
<buildStep step="GenerateHelpProject">
Generating HTML Help 1 project file...
    Last step completed in 00:00:00.0080
</buildStep>
<buildStep step="CompilingHelpFile">
Compiling HTML Help 1 file...
[C:\Program Files (x86)\MSBuild\14.0\bin\MSBuild.exe - Build1xHelpFile.proj]
  Microsoft HTML Help Compiler 4.74.8702
  
  
  
  Compiling c:\Users\hallam\Work\buildtools\Documentation\FrameworkLibraries\Help\Working\Output\HtmlHelp1\FrameworkLibraries.chm
  
  
  
  
  
  Compile time: 0 minutes, 3 seconds
  
  786	Topics
  
  8,569	Local links
  
  1,992	Internet links
  
  0	Graphics
  
  
  
  
  
  Created c:\Users\hallam\Work\buildtools\Documentation\FrameworkLibraries\Help\Working\Output\HtmlHelp1\FrameworkLibraries.chm, 970,067 bytes
  
  Compression decreased file by 5,512,190 bytes.
  
    Last step completed in 00:00:03.5165
</buildStep>
<buildStep step="GenerateHelpFormatTableOfContents">
Executing informational Generate Table of Contents build step for plug-ins (not used for MS Help Viewer)
    Last step completed in 00:00:00.0045
</buildStep>
<buildStep step="GenerateHelpProject">
Executing informational Generate Help Project build step for plug-ins (not used for MS Help Viewer)
    Last step completed in 00:00:00.0035
</buildStep>
<buildStep step="CompilingHelpFile">
Generating MS Help Viewer file...
[C:\Program Files (x86)\MSBuild\14.0\bin\MSBuild.exe - BuildHelpViewerFile.proj]
  Compressing help content files...
  500 items added
  Compression finished.  853 items added
  Saving C:\Users\hallam\Work\buildtools\Documentation\FrameworkLibraries\Help\FrameworkLibraries.mshc...
  Saved 500 of 853 items
  Finished saving C:\Users\hallam\Work\buildtools\Documentation\FrameworkLibraries\Help\FrameworkLibraries.mshc
  Compressed 5 folders, 848 files.  Reduced size by 5,020,236 bytes (76%).
    Last step completed in 00:00:00.8018
</buildStep>
<buildStep step="GenerateHelpFormatTableOfContents">
Generating website table of contents file...
    Last step completed in 00:00:00.0000
</buildStep>
<buildStep step="GenerateFullTextIndex">
Generating full-text index for the website...

<plugIn name="Lightweight Website Style" behavior="After" priority="1000">
Adding lightweight search and TOC elements to each topic...
</plugIn>    Last step completed in 00:00:01.7802
</buildStep>
<buildStep step="CopyingWebsiteFiles">
Copying website files to output folder...

Copied 500 files
Copied 1000 files
Copied 1128 files for the website content
    Last step completed in 00:00:01.1753
</buildStep>
<buildStep step="CleanIntermediates">
Removing intermediate files...
    Last step completed in 00:00:00.7815
</buildStep>
<buildStep step="Completed">

Build completed successfully at 10/22/2016 3:12:33 PM.  Total time: 00:00:51.0173

</buildStep>
</shfbBuild>
